bsif_close_driver called at Sun Jan 29 18:43:27 2012
winusb_free returns at: Sun Jan 29 18:43:27 2012
closehandle returns at: Sun Jan 29 18:43:27 2012
freelibrary returns at: Sun Jan 29 18:43:27 2012
***************
Log started at: Sun Jan 29 18:49:23 2012
Version 20100224
***************
bsif_set_debug FALSE
bsif_set_sync FALSE
bsif_set_stride 8 msec
bsif_usb_write called to disable at Sun Jan 29 18:49:23 2012
bsif_read_multiple_sweeps called at Sun Jan 29 18:49:23 2012
WinUsb_ResetPipe Out returns FALSE
WinUsb_ResetPipe IN returns FALSE
SetProcessWorkingSetSize 53554432 - 73554432
Locking buffer
bsif_usb_write called to enable at Sun Jan 29 18:49:23 2012
bsif_usb_write called to disable at Sun Jan 29 18:49:28 2012
bsif_close_driver called at Sun Jan 29 18:49:28 2012
winusb_free returns at: Sun Jan 29 18:49:29 2012
closehandle returns at: Sun Jan 29 18:49:29 2012
freelibrary returns at: Sun Jan 29 18:49:29 2012
***************
Log started at: Sun Jan 29 18:49:34 2012
Version 20100224
***************
bsif_set_debug FALSE
bsif_set_sync FALSE
bsif_set_stride 8 msec
bsif_usb_write called to disable at Sun Jan 29 18:49:34 2012
bsif_read_multiple_sweeps called at Sun Jan 29 18:49:34 2012
WinUsb_ResetPipe Out returns FALSE
WinUsb_ResetPipe IN returns FALSE
SetProcessWorkingSetSize 53554432 - 73554432
Locking buffer
bsif_usb_write called to enable at Sun Jan 29 18:49:34 2012
bsif_usb_write called to disable at Sun Jan 29 18:50:32 2012
bsif_close_driver called at Sun Jan 29 18:50:32 2012
winusb_free returns at: Sun Jan 29 18:50:33 2012
closehandle returns at: Sun Jan 29 18:50:33 2012
freelibrary returns at: Sun Jan 29 18:50:33 2012
***************
Log started at: Sun Jan 29 18:50:33 2012
Version 20100224
***************
bsif_set_debug FALSE
bsif_set_sync FALSE
bsif_set_stride 8 msec
bsif_usb_write called to disable at Sun Jan 29 18:50:33 2012
bsif_read_multiple_sweeps called at Sun Jan 29 18:50:33 2012
WinUsb_ResetPipe Out returns FALSE
WinUsb_ResetPipe IN returns FALSE
SetProcessWorkingSetSize 53554432 - 73554432
Locking buffer
bsif_usb_write called to enable at Sun Jan 29 18:50:33 2012
bsif_usb_write called to disable at Sun Jan 29 18:51:08 2012
bsif_close_driver called at Sun Jan 29 18:51:08 2012
winusb_free returns at: Sun Jan 29 18:51:09 2012
closehandle returns at: Sun Jan 29 18:51:09 2012
freelibrary returns at: Sun Jan 29 18:51:09 2012
***************
Log started at: Sun Jan 29 18:51:09 2012
Version 20100224
***************
bsif_set_debug FALSE
bsif_set_sync FALSE
bsif_set_stride 8 msec
bsif_usb_write called to disable at Sun Jan 29 18:51:09 2012
bsif_read_multiple_sweeps called at Sun Jan 29 18:51:09 2012
WinUsb_ResetPipe Out returns FALSE
WinUsb_ResetPipe IN returns FALSE
SetProcessWorkingSetSize 53554432 - 73554432
Locking buffer
bsif_usb_write called to enable at Sun Jan 29 18:51:09 2012
bsif_usb_write called to disable at Sun Jan 29 18:51:40 2012
bsif_close_driver called at Sun Jan 29 18:51:40 2012
winusb_free returns at: Sun Jan 29 18:51:41 2012
closehandle returns at: Sun Jan 29 18:51:41 2012
freelibrary returns at: Sun Jan 29 18:51:41 2012
***************
Log started at: Sun Jan 29 18:51:41 2012
Version 20100224
***************
bsif_set_debug FALSE
bsif_set_sync FALSE
bsif_set_stride 8 msec
bsif_usb_write called to disable at Sun Jan 29 18:51:41 2012
bsif_read_multiple_sweeps called at Sun Jan 29 18:51:41 2012
WinUsb_ResetPipe Out returns FALSE
WinUsb_ResetPipe IN returns FALSE
SetProcessWorkingSetSize 53554432 - 73554432
Locking buffer
bsif_usb_write called to enable at Sun Jan 29 18:51:41 2012
bsif_usb_write called to disable at Sun Jan 29 18:55:14 2012
bsif_close_driver called at Sun Jan 29 18:55:14 2012
winusb_free returns at: Sun Jan 29 18:55:15 2012
closehandle returns at: Sun Jan 29 18:55:15 2012
freelibrary returns at: Sun Jan 29 18:55:15 2012
***************
Log started at: Sun Jan 29 19:01:04 2012
Version 20100224
***************
bsif_set_debug FALSE
bsif_set_sync FALSE
bsif_set_stride 8 msec
bsif_usb_write called to disable at Sun Jan 29 19:01:04 2012
bsif_read_multiple_sweeps called at Sun Jan 29 19:01:04 2012
WinUsb_ResetPipe Out returns FALSE
WinUsb_ResetPipe IN returns FALSE
SetProcessWorkingSetSize 53554432 - 73554432
Locking buffer
bsif_usb_write called to enable at Sun Jan 29 19:01:04 2012
***************
Log started at: Sun Jan 29 19:02:29 2012
Version 20100224
***************
bsif_set_debug FALSE
bsif_set_sync FALSE
bsif_set_stride 8 msec
bsif_usb_write called to disable at Sun Jan 29 19:02:29 2012
bsif_read_multiple_sweeps called at Sun Jan 29 19:02:29 2012
WinUsb_ResetPipe Out returns FALSE
WinUsb_ResetPipe IN returns FALSE
SetProcessWorkingSetSize 53554432 - 73554432
Locking buffer
bsif_usb_write called to enable at Sun Jan 29 19:02:29 2012
bsif_usb_write called to disable at Sun Jan 29 19:03:06 2012
bsif_close_driver called at Sun Jan 29 19:03:06 2012
winusb_free returns at: Sun Jan 29 19:03:07 2012
closehandle returns at: Sun Jan 29 19:03:07 2012
freelibrary returns at: Sun Jan 29 19:03:07 2012
***************
Log started at: Sun Jan 29 19:05:20 2012
Version 20100224
***************
bsif_set_debug FALSE
bsif_set_sync FALSE
bsif_set_stride 8 msec
bsif_usb_write called to disable at Sun Jan 29 19:05:20 2012
bsif_read_multiple_sweeps called at Sun Jan 29 19:05:20 2012
WinUsb_ResetPipe Out returns FALSE
WinUsb_ResetPipe IN returns FALSE
SetProcessWorkingSetSize 53554432 - 73554432
Locking buffer
bsif_usb_write called to enable at Sun Jan 29 19:05:20 2012
bsif_usb_write called to disable at Sun Jan 29 19:07:17 2012
bsif_close_driver called at Sun Jan 29 19:07:17 2012
winusb_free returns at: Sun Jan 29 19:07:18 2012
closehandle returns at: Sun Jan 29 19:07:18 2012
freelibrary returns at: Sun Jan 29 19:07:18 2012
***************
Log started at: Sun Jan 29 19:07:18 2012
Version 20100224
***************
bsif_set_debug FALSE
bsif_set_sync FALSE
bsif_set_stride 8 msec
bsif_usb_write called to disable at Sun Jan 29 19:07:18 2012
bsif_read_multiple_sweeps called at Sun Jan 29 19:07:18 2012
WinUsb_ResetPipe Out returns FALSE
WinUsb_ResetPipe IN returns FALSE
SetProcessWorkingSetSize 53554432 - 73554432
Locking buffer
bsif_usb_write called to enable at Sun Jan 29 19:07:18 2012
bsif_usb_write called to disable at Sun Jan 29 19:10:27 2012
bsif_close_driver called at Sun Jan 29 19:10:27 2012
winusb_free returns at: Sun Jan 29 19:10:28 2012
closehandle returns at: Sun Jan 29 19:10:28 2012
freelibrary returns at: Sun Jan 29 19:10:28 2012
***************
Log started at: Sun Jan 29 19:10:28 2012
Version 20100224
***************
bsif_set_debug FALSE
bsif_set_sync FALSE
bsif_set_stride 8 msec
bsif_usb_write called to disable at Sun Jan 29 19:10:28 2012
bsif_read_multiple_sweeps called at Sun Jan 29 19:10:28 2012
WinUsb_ResetPipe Out returns FALSE
WinUsb_ResetPipe IN returns FALSE
SetProcessWorkingSetSize 53554432 - 73554432
Locking buffer
bsif_usb_write called to enable at Sun Jan 29 19:10:28 2012
bsif_usb_write called to disable at Sun Jan 29 19:11:16 2012
bsif_close_driver called at Sun Jan 29 19:11:16 2012
winusb_free returns at: Sun Jan 29 19:11:17 2012
closehandle returns at: Sun Jan 29 19:11:17 2012
freelibrary returns at: Sun Jan 29 19:11:17 2012
***************
Log started at: Sun Jan 29 19:11:17 2012
Version 20100224
***************
bsif_set_debug FALSE
bsif_set_sync FALSE
bsif_set_stride 8 msec
bsif_usb_write called to disable at Sun Jan 29 19:11:17 2012
bsif_read_multiple_sweeps called at Sun Jan 29 19:11:17 2012
WinUsb_ResetPipe Out returns FALSE
WinUsb_ResetPipe IN returns FALSE
SetProcessWorkingSetSize 53554432 - 73554432
Locking buffer
bsif_usb_write called to enable at Sun Jan 29 19:11:17 2012
bsif_usb_write called to disable at Sun Jan 29 19:13:59 2012
bsif_close_driver called at Sun Jan 29 19:13:59 2012
winusb_free returns at: Sun Jan 29 19:14:00 2012
closehandle returns at: Sun Jan 29 19:14:00 2012
freelibrary returns at: Sun Jan 29 19:14:00 2012
***************
Log started at: Sun Jan 29 19:14:00 2012
Version 20100224
***************
bsif_set_debug FALSE
bsif_set_sync FALSE
bsif_set_stride 8 msec
bsif_usb_write called to disable at Sun Jan 29 19:14:00 2012
bsif_read_multiple_sweeps called at Sun Jan 29 19:14:00 2012
WinUsb_ResetPipe Out returns FALSE
WinUsb_ResetPipe IN returns FALSE
SetProcessWorkingSetSize 53554432 - 73554432
Locking buffer
bsif_usb_write called to enable at Sun Jan 29 19:14:00 2012
bsif_usb_write called to disable at Sun Jan 29 19:18:10 2012
bsif_close_driver called at Sun Jan 29 19:18:10 2012
winusb_free returns at: Sun Jan 29 19:18:11 2012
closehandle returns at: Sun Jan 29 19:18:11 2012
freelibrary returns at: Sun Jan 29 19:18:11 2012
***************
Log started at: Sun Jan 29 19:18:11 2012
Version 20100224
***************
bsif_set_debug FALSE
bsif_set_sync FALSE
bsif_set_stride 8 msec
bsif_usb_write called to disable at Sun Jan 29 19:18:11 2012
bsif_read_multiple_sweeps called at Sun Jan 29 19:18:11 2012
WinUsb_ResetPipe Out returns FALSE
WinUsb_ResetPipe IN returns FALSE
SetProcessWorkingSetSize 53554432 - 73554432
Locking buffer
bsif_usb_write called to enable at Sun Jan 29 19:18:11 2012
bsif_usb_write called to disable at Sun Jan 29 19:18:52 2012
bsif_close_driver called at Sun Jan 29 19:18:52 2012
winusb_free returns at: Sun Jan 29 19:18:53 2012
closehandle returns at: Sun Jan 29 19:18:53 2012
freelibrary returns at: Sun Jan 29 19:18:53 2012
***************
Log started at: Sun Jan 29 19:18:53 2012
Version 20100224
***************
bsif_set_debug FALSE
bsif_set_sync FALSE
bsif_set_stride 8 msec
bsif_usb_write called to disable at Sun Jan 29 19:18:53 2012
bsif_read_multiple_sweeps called at Sun Jan 29 19:18:53 2012
WinUsb_ResetPipe Out returns FALSE
WinUsb_ResetPipe IN returns FALSE
SetProcessWorkingSetSize 53554432 - 73554432
Locking buffer
bsif_usb_write called to enable at Sun Jan 29 19:18:53 2012
bsif_usb_write called to disable at Sun Jan 29 19:20:25 2012
bsif_close_driver called at Sun Jan 29 19:20:25 2012
winusb_free returns at: Sun Jan 29 19:20:26 2012
closehandle returns at: Sun Jan 29 19:20:26 2012
freelibrary returns at: Sun Jan 29 19:20:26 2012
***************
Log started at: Sun Jan 29 19:20:26 2012
Version 20100224
***************
bsif_set_debug FALSE
bsif_set_sync FALSE
bsif_set_stride 8 msec
bsif_usb_write called to disable at Sun Jan 29 19:20:26 2012
bsif_read_multiple_sweeps called at Sun Jan 29 19:20:26 2012
WinUsb_ResetPipe Out returns FALSE
WinUsb_ResetPipe IN returns FALSE
SetProcessWorkingSetSize 53554432 - 73554432
Locking buffer
bsif_usb_write called to enable at Sun Jan 29 19:20:26 2012
bsif_usb_write called to disable at Sun Jan 29 19:22:06 2012
***************
Log started at: Sun Jan 29 19:29:43 2012
Version 20100224
***************
bsif_set_debug FALSE
bsif_set_sync FALSE
bsif_set_stride 8 msec
bsif_usb_write called to disable at Sun Jan 29 19:29:43 2012
bsif_read_multiple_sweeps called at Sun Jan 29 19:29:43 2012
WinUsb_ResetPipe Out returns FALSE
WinUsb_ResetPipe IN returns FALSE
SetProcessWorkingSetSize 53554432 - 73554432
Locking buffer
bsif_usb_write called to enable at Sun Jan 29 19:29:43 2012
bsif_usb_write called to disable at Sun Jan 29 19:32:18 2012
bsif_close_driver called at Sun Jan 29 19:32:18 2012
winusb_free returns at: Sun Jan 29 19:32:19 2012
closehandle returns at: Sun Jan 29 19:32:19 2012
freelibrary returns at: Sun Jan 29 19:32:19 2012
***************
Log started at: Sun Jan 29 19:32:19 2012
Version 20100224
***************
bsif_set_debug FALSE
bsif_set_sync FALSE
bsif_set_stride 8 msec
bsif_usb_write called to disable at Sun Jan 29 19:32:19 2012
bsif_read_multiple_sweeps called at Sun Jan 29 19:32:19 2012
WinUsb_ResetPipe Out returns FALSE
WinUsb_ResetPipe IN returns FALSE
SetProcessWorkingSetSize 53554432 - 73554432
Locking buffer
bsif_usb_write called to enable at Sun Jan 29 19:32:19 2012
bsif_usb_write called to disable at Sun Jan 29 19:33:25 2012
bsif_close_driver called at Sun Jan 29 19:33:25 2012
winusb_free returns at: Sun Jan 29 19:33:26 2012
closehandle returns at: Sun Jan 29 19:33:26 2012
freelibrary returns at: Sun Jan 29 19:33:26 2012
***************
Log started at: Tue Jan 31 10:52:05 2012
Version 20100224
***************
bsif_set_debug FALSE
bsif_set_sync FALSE
bsif_set_stride 8 msec
bsif_usb_write called to disable at Tue Jan 31 10:52:05 2012
bsif_read_multiple_sweeps called at Tue Jan 31 10:52:05 2012
WinUsb_ResetPipe Out returns FALSE
WinUsb_ResetPipe IN returns FALSE
SetProcessWorkingSetSize 53554432 - 73554432
Locking buffer
bsif_usb_write called to enable at Tue Jan 31 10:52:05 2012
***************
Log started at: Tue Jan 31 10:54:10 2012
Version 20100224
***************
bsif_set_debug FALSE
bsif_set_sync FALSE
bsif_set_stride 8 msec
bsif_usb_write called to disable at Tue Jan 31 10:54:10 2012
bsif_read_multiple_sweeps called at Tue Jan 31 10:54:10 2012
WinUsb_ResetPipe Out returns FALSE
WinUsb_ResetPipe IN returns FALSE
SetProcessWorkingSetSize 53554432 - 73554432
Locking buffer
bsif_usb_write called to enable at Tue Jan 31 10:54:10 2012
bsif_usb_write called to disable at Tue Jan 31 10:54:43 2012
bsif_close_driver called at Tue Jan 31 10:54:43 2012
winusb_free returns at: Tue Jan 31 10:54:44 2012
closehandle returns at: Tue Jan 31 10:54:44 2012
freelibrary returns at: Tue Jan 31 10:54:44 2012
***************
Log started at: Tue Jan 31 10:54:44 2012
Version 20100224
***************
bsif_set_debug FALSE
bsif_set_sync FALSE
bsif_set_stride 8 msec
bsif_usb_write called to disable at Tue Jan 31 10:54:44 2012
bsif_read_multiple_sweeps called at Tue Jan 31 10:54:44 2012
WinUsb_ResetPipe Out returns FALSE
WinUsb_ResetPipe IN returns FALSE
SetProcessWorkingSetSize 53554432 - 73554432
Locking buffer
bsif_usb_write called to enable at Tue Jan 31 10:54:44 2012
bsif_usb_write called to disable at Tue Jan 31 10:55:14 2012
bsif_close_driver called at Tue Jan 31 10:55:14 2012
winusb_free returns at: Tue Jan 31 10:55:15 2012
closehandle returns at: Tue Jan 31 10:55:15 2012
freelibrary returns at: Tue Jan 31 10:55:15 2012
***************
Log started at: Tue Jan 31 10:55:17 2012
Version 20100224
***************
bsif_set_debug FALSE
bsif_set_sync FALSE
bsif_set_stride 8 msec
bsif_usb_write called to disable at Tue Jan 31 10:55:17 2012
bsif_read_multiple_sweeps called at Tue Jan 31 10:55:17 2012
WinUsb_ResetPipe Out returns FALSE
WinUsb_ResetPipe IN returns FALSE
SetProcessWorkingSetSize 53554432 - 73554432
Locking buffer
bsif_usb_write called to enable at Tue Jan 31 10:55:17 2012
bsif_usb_write called to disable at Tue Jan 31 10:55:36 2012
bsif_close_driver called at Tue Jan 31 10:55:36 2012
winusb_free returns at: Tue Jan 31 10:55:37 2012
closehandle returns at: Tue Jan 31 10:55:37 2012
freelibrary returns at: Tue Jan 31 10:55:37 2012
***************
Log started at: Tue Jan 31 10:55:37 2012
Version 20100224
***************
bsif_set_debug FALSE
bsif_set_sync FALSE
bsif_set_stride 8 msec
bsif_usb_write called to disable at Tue Jan 31 10:55:37 2012
bsif_read_multiple_sweeps called at Tue Jan 31 10:55:37 2012
WinUsb_ResetPipe Out returns FALSE
WinUsb_ResetPipe IN returns FALSE
SetProcessWorkingSetSize 53554432 - 73554432
Locking buffer
bsif_usb_write called to enable at Tue Jan 31 10:55:37 2012
bsif_usb_write called to disable at Tue Jan 31 10:56:13 2012
bsif_close_driver called at Tue Jan 31 10:56:13 2012
winusb_free returns at: Tue Jan 31 10:56:14 2012
closehandle returns at: Tue Jan 31 10:56:14 2012
freelibrary returns at: Tue Jan 31 10:56:14 2012
***************
Log started at: Tue Jan 31 10:57:46 2012
Version 20100224
***************
bsif_set_debug FALSE
bsif_set_sync FALSE
bsif_set_stride 8 msec
bsif_usb_write called to disable at Tue Jan 31 10:57:46 2012
bsif_read_multiple_sweeps called at Tue Jan 31 10:57:46 2012
WinUsb_ResetPipe Out returns FALSE
WinUsb_ResetPipe IN returns FALSE
SetProcessWorkingSetSize 53554432 - 73554432
Locking buffer
bsif_usb_write called to enable at Tue Jan 31 10:57:46 2012
bsif_usb_write called to disable at Tue Jan 31 10:58:18 2012
bsif_close_driver called at Tue Jan 31 10:58:18 2012
winusb_free returns at: Tue Jan 31 10:58:19 2012
closehandle returns at: Tue Jan 31 10:58:19 2012
freelibrary returns at: Tue Jan 31 10:58:19 2012
***************
Log started at: Tue Jan 31 10:58:19 2012
Version 20100224
***************
bsif_set_debug FALSE
bsif_set_sync FALSE
bsif_set_stride 8 msec
bsif_usb_write called to disable at Tue Jan 31 10:58:19 2012
bsif_read_multiple_sweeps called at Tue Jan 31 10:58:19 2012
WinUsb_ResetPipe Out returns FALSE
WinUsb_ResetPipe IN returns FALSE
SetProcessWorkingSetSize 53554432 - 73554432
Locking buffer
bsif_usb_write called to enable at Tue Jan 31 10:58:19 2012
bsif_usb_write called to disable at Tue Jan 31 11:12:48 2012
bsif_close_driver called at Tue Jan 31 11:12:48 2012
winusb_free returns at: Tue Jan 31 11:12:49 2012
closehandle returns at: Tue Jan 31 11:12:49 2012
freelibrary returns at: Tue Jan 31 11:12:49 2012
***************
Log started at: Tue Jan 31 11:12:49 2012
Version 20100224
***************
bsif_set_debug FALSE
bsif_set_sync FALSE
bsif_set_stride 8 msec
bsif_usb_write called to disable at Tue Jan 31 11:12:49 2012
bsif_read_multiple_sweeps called at Tue Jan 31 11:12:49 2012
WinUsb_ResetPipe Out returns FALSE
WinUsb_ResetPipe IN returns FALSE
SetProcessWorkingSetSize 53554432 - 73554432
Locking buffer
bsif_usb_write called to enable at Tue Jan 31 11:12:49 2012
bsif_usb_write called to disable at Tue Jan 31 11:15:36 2012
bsif_close_driver called at Tue Jan 31 11:15:36 2012
winusb_free returns at: Tue Jan 31 11:15:37 2012
closehandle returns at: Tue Jan 31 11:15:37 2012
freelibrary returns at: Tue Jan 31 11:15:37 2012
***************
Log started at: Tue Jan 31 11:16:00 2012
Version 20100224
***************
bsif_set_debug FALSE
bsif_set_sync FALSE
bsif_set_stride 8 msec
bsif_usb_write called to disable at Tue Jan 31 11:16:00 2012
bsif_read_multiple_sweeps called at Tue Jan 31 11:16:00 2012
WinUsb_ResetPipe Out returns FALSE
WinUsb_ResetPipe IN returns FALSE
SetProcessWorkingSetSize 53554432 - 73554432
Locking buffer
bsif_usb_write called to enable at Tue Jan 31 11:16:00 2012
bsif_usb_write called to disable at Tue Jan 31 11:20:27 2012
bsif_close_driver called at Tue Jan 31 11:20:27 2012
winusb_free returns at: Tue Jan 31 11:20:28 2012
closehandle returns at: Tue Jan 31 11:20:28 2012
freelibrary returns at: Tue Jan 31 11:20:28 2012
***************
Log started at: Tue Jan 31 11:20:28 2012
Version 20100224
***************
bsif_set_debug FALSE
bsif_set_sync FALSE
bsif_set_stride 8 msec
bsif_usb_write called to disable at Tue Jan 31 11:20:28 2012
bsif_read_multiple_sweeps called at Tue Jan 31 11:20:28 2012
WinUsb_ResetPipe Out returns FALSE
WinUsb_ResetPipe IN returns FALSE
SetProcessWorkingSetSize 53554432 - 73554432
Locking buffer
bsif_usb_write called to enable at Tue Jan 31 11:20:28 2012
