***************
Log started at: Sun Jan 29 18:49:23 2012
Version 20100224
***************
acquisition thread starting
stride buffer sizes: 18944 (16) and 18432 (1804), 0 bytes left over
buffer step is     7.98 msec
after2 > endPlus1
after2 524288, bufInc 18432, crossInc 542720
at nbuffers 499, reset original PriorityClass 32
***************
Log started at: Sun Jan 29 18:49:34 2012
Version 20100224
***************
acquisition thread starting
stride buffer sizes: 18944 (16) and 18432 (1804), 0 bytes left over
buffer step is     7.98 msec
after2 > endPlus1
after2 524288, bufInc 18432, crossInc 542720
at nbuffers 7220, reset original PriorityClass 32
***************
Log started at: Sun Jan 29 18:50:33 2012
Version 20100224
***************
acquisition thread starting
stride buffer sizes: 18944 (16) and 18432 (1804), 0 bytes left over
buffer step is     7.98 msec
after2 > endPlus1
after2 524288, bufInc 18432, crossInc 542720
at nbuffers 4359, reset original PriorityClass 32
***************
Log started at: Sun Jan 29 18:51:09 2012
Version 20100224
***************
acquisition thread starting
stride buffer sizes: 18944 (16) and 18432 (1804), 0 bytes left over
buffer step is     7.98 msec
after2 > endPlus1
after2 524288, bufInc 18432, crossInc 542720
at nbuffers 3816, reset original PriorityClass 32
***************
Log started at: Sun Jan 29 18:51:41 2012
Version 20100224
***************
acquisition thread starting
stride buffer sizes: 18944 (16) and 18432 (1804), 0 bytes left over
buffer step is     7.98 msec
after2 > endPlus1
after2 524288, bufInc 18432, crossInc 542720
at nbuffers 26670, reset original PriorityClass 32
***************
Log started at: Sun Jan 29 19:01:04 2012
Version 20100224
***************
acquisition thread starting
***************
Log started at: Sun Jan 29 19:02:29 2012
Version 20100224
***************
acquisition thread starting
stride buffer sizes: 18944 (16) and 18432 (1804), 0 bytes left over
buffer step is     7.98 msec
after2 > endPlus1
after2 524288, bufInc 18432, crossInc 542720
at nbuffers 4533, reset original PriorityClass 32
***************
Log started at: Sun Jan 29 19:05:20 2012
Version 20100224
***************
acquisition thread starting
stride buffer sizes: 18944 (16) and 18432 (1804), 0 bytes left over
buffer step is     7.98 msec
after2 > endPlus1
after2 524288, bufInc 18432, crossInc 542720
at nbuffers 14595, reset original PriorityClass 32
***************
Log started at: Sun Jan 29 19:07:18 2012
Version 20100224
***************
acquisition thread starting
stride buffer sizes: 18944 (16) and 18432 (1804), 0 bytes left over
buffer step is     7.98 msec
after2 > endPlus1
after2 524288, bufInc 18432, crossInc 542720
at nbuffers 23716, reset original PriorityClass 32
***************
Log started at: Sun Jan 29 19:10:28 2012
Version 20100224
***************
acquisition thread starting
stride buffer sizes: 18944 (16) and 18432 (1804), 0 bytes left over
buffer step is     7.98 msec
after2 > endPlus1
after2 524288, bufInc 18432, crossInc 542720
at nbuffers 5935, reset original PriorityClass 32
***************
Log started at: Sun Jan 29 19:11:17 2012
Version 20100224
***************
acquisition thread starting
stride buffer sizes: 18944 (16) and 18432 (1804), 0 bytes left over
buffer step is     7.98 msec
after2 > endPlus1
after2 524288, bufInc 18432, crossInc 542720
at nbuffers 20278, reset original PriorityClass 32
***************
Log started at: Sun Jan 29 19:14:00 2012
Version 20100224
***************
acquisition thread starting
stride buffer sizes: 18944 (16) and 18432 (1804), 0 bytes left over
buffer step is     7.98 msec
after2 > endPlus1
after2 524288, bufInc 18432, crossInc 542720
at nbuffers 31386, reset original PriorityClass 32
***************
Log started at: Sun Jan 29 19:18:11 2012
Version 20100224
***************
acquisition thread starting
stride buffer sizes: 18944 (16) and 18432 (1804), 0 bytes left over
buffer step is     7.98 msec
after2 > endPlus1
after2 524288, bufInc 18432, crossInc 542720
at nbuffers 5135, reset original PriorityClass 32
***************
Log started at: Sun Jan 29 19:18:53 2012
Version 20100224
***************
acquisition thread starting
stride buffer sizes: 18944 (16) and 18432 (1804), 0 bytes left over
buffer step is     7.98 msec
after2 > endPlus1
after2 524288, bufInc 18432, crossInc 542720
at nbuffers 11508, reset original PriorityClass 32
***************
Log started at: Sun Jan 29 19:20:26 2012
Version 20100224
***************
acquisition thread starting
stride buffer sizes: 18944 (16) and 18432 (1804), 0 bytes left over
buffer step is     7.98 msec
after2 > endPlus1
after2 524288, bufInc 18432, crossInc 542720
at nbuffers 12403, reset original PriorityClass 32
***************
Log started at: Sun Jan 29 19:29:43 2012
Version 20100224
***************
acquisition thread starting
stride buffer sizes: 18944 (16) and 18432 (1804), 0 bytes left over
buffer step is     7.98 msec
after2 > endPlus1
after2 524288, bufInc 18432, crossInc 542720
at nbuffers 19319, reset original PriorityClass 32
***************
Log started at: Sun Jan 29 19:32:19 2012
Version 20100224
***************
acquisition thread starting
stride buffer sizes: 18944 (16) and 18432 (1804), 0 bytes left over
buffer step is     7.98 msec
after2 > endPlus1
after2 524288, bufInc 18432, crossInc 542720
at nbuffers 8277, reset original PriorityClass 32
***************
Log started at: Tue Jan 31 10:52:05 2012
Version 20100224
***************
acquisition thread starting
***************
Log started at: Tue Jan 31 10:54:10 2012
Version 20100224
***************
acquisition thread starting
stride buffer sizes: 18944 (16) and 18432 (1804), 0 bytes left over
buffer step is     7.98 msec
after2 > endPlus1
after2 524288, bufInc 18432, crossInc 542720
at nbuffers 4037, reset original PriorityClass 32
***************
Log started at: Tue Jan 31 10:54:44 2012
Version 20100224
***************
acquisition thread starting
stride buffer sizes: 18944 (16) and 18432 (1804), 0 bytes left over
buffer step is     7.98 msec
after2 > endPlus1
after2 524288, bufInc 18432, crossInc 542720
at nbuffers 3756, reset original PriorityClass 32
***************
Log started at: Tue Jan 31 10:55:17 2012
Version 20100224
***************
acquisition thread starting
stride buffer sizes: 18944 (16) and 18432 (1804), 0 bytes left over
buffer step is     7.98 msec
after2 > endPlus1
after2 524288, bufInc 18432, crossInc 542720
at nbuffers 2333, reset original PriorityClass 32
***************
Log started at: Tue Jan 31 10:55:37 2012
Version 20100224
***************
acquisition thread starting
stride buffer sizes: 18944 (16) and 18432 (1804), 0 bytes left over
buffer step is     7.98 msec
after2 > endPlus1
after2 524288, bufInc 18432, crossInc 542720
at nbuffers 4472, reset original PriorityClass 32
***************
Log started at: Tue Jan 31 10:57:46 2012
Version 20100224
***************
acquisition thread starting
stride buffer sizes: 18944 (16) and 18432 (1804), 0 bytes left over
buffer step is     7.98 msec
after2 > endPlus1
after2 524288, bufInc 18432, crossInc 542720
at nbuffers 3922, reset original PriorityClass 32
***************
Log started at: Tue Jan 31 10:58:19 2012
Version 20100224
***************
acquisition thread starting
stride buffer sizes: 18944 (16) and 18432 (1804), 0 bytes left over
buffer step is     7.98 msec
after2 > endPlus1
after2 524288, bufInc 18432, crossInc 542720
at nbuffers 109016, reset original PriorityClass 32
***************
Log started at: Tue Jan 31 11:12:49 2012
Version 20100224
***************
acquisition thread starting
stride buffer sizes: 18944 (16) and 18432 (1804), 0 bytes left over
buffer step is     7.98 msec
after2 > endPlus1
after2 524288, bufInc 18432, crossInc 542720
at nbuffers 20841, reset original PriorityClass 32
***************
Log started at: Tue Jan 31 11:16:00 2012
Version 20100224
***************
acquisition thread starting
stride buffer sizes: 18944 (16) and 18432 (1804), 0 bytes left over
buffer step is     7.98 msec
after2 > endPlus1
after2 524288, bufInc 18432, crossInc 542720
at nbuffers 33463, reset original PriorityClass 32
***************
Log started at: Tue Jan 31 11:20:28 2012
Version 20100224
***************
acquisition thread starting
stride buffer sizes: 18944 (16) and 18432 (1804), 0 bytes left over
buffer step is     7.98 msec
after2 > endPlus1
after2 524288, bufInc 18432, crossInc 542720
