detached
attached
attached
detached
detached
***************
Log started at: Sun Jan 29 18:49:23 2012
Version 20091118
Using labview_dll.ini
***************
open_driver called
Using bsif_xxx driver
attached
detached
detached
***************
Log started at: Sun Jan 29 18:49:34 2012
Version 20091118
Using labview_dll.ini
***************
open_driver called
detached
Using bsif_xxx driver
attached
detached
attached
attached
attached
detached
detached
attached
detached
attached
detached
attached
detached
attached
detached
attached
detached
attached
detached
attached
detached
attached
detached
attached
detached
attached
detached
attached
detached
attached
detached
attached
detached
attached
detached
attached
detached
attached
detached
attached
detached
attached
detached
attached
detached
attached
detached
attached
detached
attached
detached
attached
detached
attached
detached
attached
detached
attached
detached
attached
detached
attached
detached
attached
detached
attached
detached
attached
detached
attached
detached
attached
detached
attached
detached
attached
detached
attached
detached
attached
detached
attached
detached
attached
detached
attached
detached
attached
detached
attached
detached
attached
detached
attached
detached
attached
detached
attached
detached
attached
detached
attached
detached
attached
detached
attached
detached
attached
detached
attached
detached
attached
detached
attached
detached
attached
detached
attached
detached
attached
detached
attached
detached
attached
detached
attached
detached
attached
detached
attached
detached
attached
detached
attached
detached
attached
detached
attached
detached
attached
detached
attached
detached
attached
detached
attached
detached
attached
detached
attached
detached
attached
detached
attached
detached
attached
detached
attached
detached
attached
detached
attached
detached
attached
detached
attached
detached
attached
detached
attached
detached
attached
detached
attached
detached
attached
detached
detached
detached
***************
Log started at: Sun Jan 29 18:50:33 2012
Version 20091118
Using labview_dll.ini
***************
open_driver called
Using bsif_xxx driver
attached
attached
detached
attached
attached
detached
attached
detached
attached
detached
detached
attached
detached
attached
detached
attached
detached
attached
detached
attached
detached
attached
detached
attached
detached
attached
detached
attached
detached
detached
detached
***************
Log started at: Sun Jan 29 18:51:09 2012
Version 20091118
Using labview_dll.ini
***************
open_driver called
Using bsif_xxx driver
attached
attached
attached
detached
attached
detached
detached
attached
detached
attached
attached
detached
attached
detached
attached
detached
attached
detached
detached
detached
attached
detached
***************
Log started at: Sun Jan 29 18:51:41 2012
Version 20091118
Using labview_dll.ini
***************
open_driver called
Using bsif_xxx driver
attached
detached
attached
attached
detached
detached
attached
detached
attached
detached
detached
attached
attached
detached
attached
detached
detached
attached
detached
attached
detached
attached
detached
attached
attached
detached
attached
detached
attached
detached
detached
attached
detached
attached
attached
detached
detached
attached
attached
detached
attached
detached
attached
detached
attached
detached
attached
detached
attached
detached
attached
detached
detached
attached
detached
attached
detached
attached
detached
detached
detached
***************
Log started at: Sun Jan 29 19:01:04 2012
Version 20091118
Using labview_dll.ini
***************
open_driver called
Using bsif_xxx driver
attached
detached
***************
Log started at: Sun Jan 29 19:01:05 2012
Version 20091118
Using labview_dll.ini
***************
open_driver called
No USB driver found
detached
***************
Log started at: Sun Jan 29 19:02:29 2012
Version 20091118
Using labview_dll.ini
***************
open_driver called
Using bsif_xxx driver
attached
detached
attached
attached
attached
detached
detached
attached
attached
detached
attached
detached
attached
detached
attached
detached
detached
detached
attached
detached
attached
detached
attached
detached
attached
detached
attached
detached
attached
detached
detached
***************
Log started at: Sun Jan 29 19:05:20 2012
Version 20091118
Using labview_dll.ini
***************
open_driver called
Using bsif_xxx driver
attached
detached
detached
attached
attached
detached
attached
detached
attached
detached
attached
detached
attached
detached
attached
attached
detached
detached
detached
***************
Log started at: Sun Jan 29 19:07:18 2012
Version 20091118
Using labview_dll.ini
***************
open_driver called
Using bsif_xxx driver
attached
detached
attached
attached
detached
attached
detached
attached
detached
attached
detached
detached
attached
attached
detached
detached
attached
attached
detached
attached
detached
attached
detached
detached
attached
attached
detached
attached
detached
attached
detached
attached
detached
attached
detached
attached
detached
detached
attached
detached
attached
detached
attached
detached
attached
detached
attached
detached
attached
detached
attached
detached
attached
detached
attached
detached
attached
detached
attached
detached
attached
detached
attached
attached
attached
attached
attached
attached
attached
attached
attached
detached
attached
detached
attached
detached
detached
attached
detached
attached
detached
attached
detached
attached
detached
attached
detached
attached
detached
attached
attached
attached
attached
attached
detached
attached
detached
attached
detached
attached
detached
attached
detached
attached
detached
attached
detached
attached
detached
attached
detached
attached
detached
attached
detached
detached
detached
detached
attached
attached
detached
attached
detached
attached
attached
attached
detached
attached
detached
detached
attached
attached
detached
attached
detached
detached
attached
detached
attached
detached
detached
attached
detached
attached
detached
attached
detached
attached
detached
attached
detached
attached
detached
attached
detached
detached
attached
detached
attached
detached
detached
attached
detached
attached
detached
attached
detached
detached
detached
***************
Log started at: Sun Jan 29 19:10:28 2012
Version 20091118
Using labview_dll.ini
***************
open_driver called
Using bsif_xxx driver
attached
attached
attached
detached
attached
detached
detached
attached
attached
attached
detached
attached
attached
attached
detached
attached
detached
detached
attached
attached
detached
attached
detached
attached
detached
attached
detached
attached
detached
detached
attached
detached
attached
detached
attached
detached
attached
detached
attached
detached
attached
detached
attached
detached
attached
detached
attached
detached
attached
detached
attached
detached
attached
detached
attached
detached
attached
detached
attached
detached
detached
attached
detached
attached
detached
detached
detached
***************
Log started at: Sun Jan 29 19:11:17 2012
Version 20091118
Using labview_dll.ini
***************
open_driver called
Using bsif_xxx driver
attached
attached
detached
attached
attached
detached
detached
detached
attached
attached
detached
attached
detached
attached
detached
detached
attached
detached
attached
detached
attached
detached
attached
detached
detached
attached
detached
attached
attached
detached
attached
detached
attached
detached
detached
attached
detached
attached
detached
attached
detached
attached
detached
attached
detached
attached
detached
attached
attached
attached
detached
attached
attached
attached
detached
attached
detached
attached
detached
attached
attached
attached
detached
attached
detached
attached
detached
detached
attached
detached
attached
detached
attached
detached
attached
detached
detached
attached
detached
attached
detached
detached
attached
detached
attached
attached
attached
detached
attached
detached
attached
detached
attached
detached
attached
detached
attached
detached
attached
detached
attached
detached
attached
detached
detached
attached
attached
detached
detached
detached
detached
***************
Log started at: Sun Jan 29 19:14:00 2012
Version 20091118
Using labview_dll.ini
***************
open_driver called
Using bsif_xxx driver
attached
attached
attached
detached
attached
detached
detached
attached
attached
detached
attached
detached
attached
detached
attached
detached
attached
detached
attached
detached
attached
attached
attached
detached
detached
detached
attached
attached
detached
attached
detached
detached
attached
detached
attached
attached
detached
attached
detached
detached
attached
detached
attached
detached
attached
detached
attached
detached
attached
detached
detached
attached
attached
detached
attached
detached
attached
detached
attached
detached
detached
attached
attached
detached
attached
detached
detached
attached
attached
detached
detached
attached
attached
detached
attached
detached
attached
detached
detached
attached
detached
attached
detached
attached
detached
attached
attached
attached
detached
attached
detached
detached
attached
detached
attached
attached
detached
attached
attached
attached
detached
detached
attached
detached
attached
attached
detached
detached
detached
detached
***************
Log started at: Sun Jan 29 19:18:11 2012
Version 20091118
Using labview_dll.ini
***************
open_driver called
Using bsif_xxx driver
attached
attached
detached
attached
detached
attached
detached
attached
detached
attached
detached
attached
detached
attached
detached
attached
detached
detached
attached
attached
detached
detached
detached
***************
Log started at: Sun Jan 29 19:18:53 2012
Version 20091118
Using labview_dll.ini
***************
open_driver called
Using bsif_xxx driver
attached
detached
attached
detached
attached
detached
attached
detached
detached
attached
detached
attached
attached
detached
detached
attached
detached
attached
detached
attached
detached
attached
detached
attached
detached
attached
detached
attached
detached
attached
detached
attached
attached
detached
attached
detached
attached
detached
attached
detached
detached
detached
***************
Log started at: Sun Jan 29 19:20:26 2012
Version 20091118
Using labview_dll.ini
***************
open_driver called
Using bsif_xxx driver
attached
detached
attached
detached
attached
detached
attached
attached
detached
attached
detached
detached
attached
attached
detached
detached
attached
detached
attached
attached
detached
attached
detached
detached
attached
detached
attached
detached
attached
detached
attached
detached
attached
detached
attached
detached
attached
detached
attached
detached
attached
detached
attached
detached
attached
detached
attached
detached
attached
detached
attached
detached
attached
detached
attached
detached
attached
detached
attached
detached
attached
detached
attached
detached
attached
detached
attached
detached
attached
detached
attached
detached
attached
detached
attached
detached
attached
detached
attached
detached
attached
detached
attached
detached
attached
detached
attached
detached
attached
detached
attached
detached
attached
detached
attached
detached
attached
detached
attached
detached
attached
detached
attached
detached
attached
detached
attached
detached
attached
detached
attached
detached
attached
detached
attached
detached
attached
attached
detached
detached
attached
attached
detached
detached
***************
Log started at: Sun Jan 29 19:29:43 2012
Version 20091118
Using labview_dll.ini
***************
open_driver called
Using bsif_xxx driver
attached
detached
attached
detached
attached
attached
detached
attached
detached
detached
attached
detached
attached
detached
attached
detached
attached
attached
attached
attached
detached
attached
attached
detached
detached
attached
attached
detached
attached
detached
attached
detached
attached
detached
attached
detached
attached
detached
attached
detached
attached
detached
detached
attached
detached
attached
detached
attached
detached
attached
detached
attached
detached
attached
detached
attached
detached
attached
detached
attached
detached
attached
detached
attached
detached
attached
detached
attached
detached
attached
detached
attached
detached
attached
detached
attached
detached
attached
detached
attached
detached
attached
detached
attached
detached
attached
detached
attached
detached
attached
detached
attached
detached
attached
detached
attached
detached
attached
detached
attached
detached
attached
detached
attached
detached
attached
detached
attached
detached
attached
detached
attached
detached
attached
detached
attached
detached
attached
detached
attached
detached
attached
detached
attached
detached
attached
detached
attached
detached
attached
detached
attached
detached
attached
detached
attached
detached
detached
detached
***************
Log started at: Sun Jan 29 19:32:19 2012
Version 20091118
Using labview_dll.ini
***************
open_driver called
Using bsif_xxx driver
attached
attached
attached
detached
detached
attached
detached
detached
detached
detached
detached
detached
detached
detached
detached
detached
detached
detached
***************
Log started at: Tue Jan 31 10:52:05 2012
Version 20091118
Using labview_dll.ini
***************
open_driver called
Using bsif_xxx driver
attached
detached
***************
Log started at: Tue Jan 31 10:52:06 2012
Version 20091118
Using labview_dll.ini
***************
open_driver called
No USB driver found
detached
***************
Log started at: Tue Jan 31 10:54:10 2012
Version 20091118
Using labview_dll.ini
***************
open_driver called
Using bsif_xxx driver
attached
detached
attached
attached
detached
detached
attached
attached
attached
detached
attached
detached
attached
detached
detached
detached
***************
Log started at: Tue Jan 31 10:54:44 2012
Version 20091118
Using labview_dll.ini
***************
open_driver called
Using bsif_xxx driver
attached
attached
detached
detached
attached
detached
attached
detached
attached
detached
attached
detached
attached
detached
detached
attached
attached
detached
attached
detached
attached
detached
attached
detached
attached
detached
attached
detached
attached
detached
detached
attached
detached
detached
***************
Log started at: Tue Jan 31 10:55:17 2012
Version 20091118
Using labview_dll.ini
***************
open_driver called
Using bsif_xxx driver
attached
attached
detached
attached
detached
detached
attached
detached
attached
detached
attached
detached
attached
detached
detached
***************
Log started at: Tue Jan 31 10:55:37 2012
Version 20091118
Using labview_dll.ini
***************
open_driver called
Using bsif_xxx driver
attached
attached
detached
detached
attached
detached
attached
attached
attached
detached
attached
detached
attached
detached
attached
detached
detached
attached
detached
detached
detached
***************
Log started at: Tue Jan 31 10:57:46 2012
Version 20091118
Using labview_dll.ini
***************
open_driver called
Using bsif_xxx driver
attached
detached
attached
attached
attached
detached
detached
attached
detached
attached
detached
detached
detached
***************
Log started at: Tue Jan 31 10:58:19 2012
Version 20091118
Using labview_dll.ini
***************
open_driver called
Using bsif_xxx driver
attached
attached
attached
attached
attached
detached
detached
attached
detached
attached
attached
detached
attached
detached
detached
attached
detached
attached
detached
attached
attached
detached
detached
detached
attached
detached
detached
***************
Log started at: Tue Jan 31 11:12:49 2012
Version 20091118
Using labview_dll.ini
***************
open_driver called
Using bsif_xxx driver
attached
attached
detached
detached
attached
attached
detached
attached
detached
detached
attached
detached
attached
attached
detached
attached
detached
detached
attached
attached
detached
detached
attached
detached
attached
detached
attached
detached
attached
detached
attached
detached
attached
detached
attached
detached
detached
detached
***************
Log started at: Tue Jan 31 11:16:00 2012
Version 20091118
Using labview_dll.ini
***************
open_driver called
Using bsif_xxx driver
attached
attached
attached
detached
detached
attached
detached
attached
detached
attached
attached
detached
attached
detached
detached
attached
detached
attached
detached
attached
detached
attached
detached
attached
detached
attached
detached
attached
detached
attached
detached
attached
detached
attached
detached
attached
detached
attached
detached
attached
detached
attached
detached
attached
detached
attached
detached
attached
detached
attached
detached
attached
detached
attached
detached
attached
detached
attached
detached
attached
detached
attached
detached
attached
detached
attached
detached
attached
detached
attached
detached
attached
detached
attached
detached
attached
detached
attached
detached
attached
detached
attached
detached
attached
detached
attached
detached
attached
detached
attached
detached
attached
detached
attached
attached
detached
detached
attached
detached
attached
detached
attached
detached
attached
detached
attached
attached
detached
attached
detached
attached
detached
attached
detached
detached
attached
detached
attached
detached
attached
detached
attached
attached
detached
attached
detached
attached
detached
attached
detached
detached
attached
detached
attached
detached
detached
detached
***************
Log started at: Tue Jan 31 11:20:28 2012
Version 20091118
Using labview_dll.ini
***************
open_driver called
Using bsif_xxx driver
attached
attached
detached
attached
attached
detached
detached
attached
detached
attached
detached
attached
detached
attached
detached
attached
detached
attached
detached
attached
detached
attached
detached
attached
detached
attached
detached
attached
detached
attached
detached
attached
detached
attached
detached
attached
detached
attached
detached
attached
detached
attached
detached
attached
detached
attached
detached
attached
detached
attached
attached
detached
detached
attached
detached
attached
detached
attached
detached
attached
detached
attached
detached
attached
detached
attached
detached
attached
detached
attached
detached
attached
detached
attached
detached
attached
detached
detached
attached
detached
attached
attached
detached
attached
detached
attached
detached
attached
detached
attached
detached
attached
detached
attached
detached
attached
detached
detached
***************
Log started at: Fri Oct 31 11:41:19 2014
Version 20091118
Using labview_dll.ini
***************
open_driver called
No USB driver found
detached
***************
Log started at: Fri Oct 31 11:42:13 2014
Version 20091118
Using labview_dll.ini
***************
open_driver called
attached
No USB driver found
detached
***************
Log started at: Fri Oct 31 12:03:12 2014
Version 20091118
Using labview_dll.ini
***************
open_driver called
No USB driver found
detached
***************
Log started at: Fri Oct 31 12:07:25 2014
Version 20091118
Using labview_dll.ini
***************
open_driver called
detached
No USB driver found
detached
***************
Log started at: Fri Oct 31 12:07:26 2014
Version 20091118
Using labview_dll.ini
***************
open_driver called
No USB driver found
detached
***************
Log started at: Fri Oct 31 13:22:19 2014
Version 20091118
Using labview_dll.ini
***************
open_driver called
No USB driver found
detached
***************
Log started at: Fri Oct 31 13:22:19 2014
Version 20091118
Using labview_dll.ini
***************
open_driver called
No USB driver found
detached
***************
Log started at: Fri Oct 31 13:22:28 2014
Version 20091118
Using labview_dll.ini
***************
open_driver called
No USB driver found
detached
***************
Log started at: Fri Oct 31 13:22:28 2014
Version 20091118
Using labview_dll.ini
***************
open_driver called
No USB driver found
detached
***************
Log started at: Mon Nov 03 10:30:52 2014
Version 20091118
Using labview_dll.ini
***************
open_driver called
attached
No USB driver found
detached
***************
Log started at: Mon Nov 03 10:30:52 2014
Version 20091118
Using labview_dll.ini
***************
open_driver called
detached
No USB driver found
attached
attached
detached
***************
Log started at: Mon Nov 03 10:31:14 2014
Version 20091118
Using labview_dll.ini
***************
open_driver called
No USB driver found
detached
***************
Log started at: Mon Nov 03 10:31:14 2014
Version 20091118
Using labview_dll.ini
***************
open_driver called
No USB driver found
detached
***************
Log started at: Mon Nov 03 10:51:19 2014
Version 20091118
Using labview_dll.ini
***************
open_driver called
No USB driver found
detached
***************
Log started at: Mon Nov 03 10:51:19 2014
Version 20091118
Using labview_dll.ini
***************
open_driver called
No USB driver found
detached
***************
Log started at: Mon Nov 03 11:04:11 2014
Version 20091118
Using labview_dll.ini
***************
open_driver called
No USB driver found
detached
***************
Log started at: Mon Nov 03 11:04:11 2014
Version 20091118
Using labview_dll.ini
***************
open_driver called
No USB driver found
detached
***************
Log started at: Mon Nov 03 11:05:00 2014
Version 20091118
Using labview_dll.ini
***************
open_driver called
No USB driver found
detached
***************
Log started at: Mon Nov 03 11:05:00 2014
Version 20091118
Using labview_dll.ini
***************
open_driver called
No USB driver found
detached
***************
Log started at: Mon Nov 03 11:38:49 2014
Version 20091118
Using labview_dll.ini
***************
open_driver called
No USB driver found
detached
***************
Log started at: Mon Nov 03 11:39:48 2014
Version 20091118
Using labview_dll.ini
***************
open_driver called
No USB driver found
detached
***************
Log started at: Mon Nov 03 11:40:00 2014
Version 20091118
Using labview_dll.ini
***************
open_driver called
No USB driver found
detached
***************
Log started at: Mon Nov 03 11:40:41 2014
Version 20091118
Using labview_dll.ini
***************
open_driver called
No USB driver found
detached
***************
Log started at: Mon Nov 03 11:41:32 2014
Version 20091118
Using labview_dll.ini
***************
open_driver called
No USB driver found
detached
***************
Log started at: Mon Nov 03 11:41:56 2014
Version 20091118
Using labview_dll.ini
***************
open_driver called
No USB driver found
detached
***************
Log started at: Mon Nov 03 11:42:01 2014
Version 20091118
Using labview_dll.ini
***************
open_driver called
No USB driver found
detached
***************
Log started at: Mon Nov 03 11:42:10 2014
Version 20091118
Using labview_dll.ini
***************
open_driver called
No USB driver found
detached
***************
Log started at: Mon Nov 03 11:43:33 2014
Version 20091118
Using labview_dll.ini
***************
open_driver called
No USB driver found
detached
***************
Log started at: Mon Nov 03 11:43:47 2014
Version 20091118
Using labview_dll.ini
***************
open_driver called
No USB driver found
detached
***************
Log started at: Mon Nov 03 11:45:10 2014
Version 20091118
Using labview_dll.ini
***************
open_driver called
No USB driver found
detached
***************
Log started at: Mon Nov 03 11:46:50 2014
Version 20091118
Using labview_dll.ini
***************
open_driver called
No USB driver found
detached
***************
Log started at: Mon Nov 03 11:47:09 2014
Version 20091118
Using labview_dll.ini
***************
open_driver called
No USB driver found
detached
***************
Log started at: Mon Nov 03 11:47:54 2014
Version 20091118
Using labview_dll.ini
***************
open_driver called
No USB driver found
detached
***************
Log started at: Mon Nov 03 11:49:28 2014
Version 20091118
Using labview_dll.ini
***************
open_driver called
No USB driver found
detached
***************
Log started at: Mon Nov 03 15:47:21 2014
Version 20091118
Using labview_dll.ini
***************
open_driver called
No USB driver found
detached
***************
Log started at: Mon Nov 03 15:47:24 2014
Version 20091118
Using labview_dll.ini
***************
open_driver called
No USB driver found
detached
***************
Log started at: Mon Nov 03 15:48:06 2014
Version 20091118
Using labview_dll.ini
***************
open_driver called
No USB driver found
detached
***************
Log started at: Mon Nov 03 15:48:26 2014
Version 20091118
Using labview_dll.ini
***************
open_driver called
No USB driver found
detached
***************
Log started at: Mon Nov 03 15:49:06 2014
Version 20091118
Using labview_dll.ini
***************
open_driver called
No USB driver found
detached
***************
Log started at: Mon Nov 03 15:50:09 2014
Version 20091118
Using labview_dll.ini
***************
open_driver called
No USB driver found
detached
***************
Log started at: Mon Nov 03 16:04:05 2014
Version 20091118
Using labview_dll.ini
***************
open_driver called
No USB driver found
detached
***************
Log started at: Mon Nov 03 16:48:52 2014
Version 20091118
Using labview_dll.ini
***************
open_driver called
No USB driver found
detached
***************
Log started at: Mon Nov 03 16:50:44 2014
Version 20091118
Using labview_dll.ini
***************
open_driver called
No USB driver found
detached
***************
Log started at: Mon Nov 03 16:54:10 2014
Version 20091118
Using labview_dll.ini
***************
open_driver called
No USB driver found
detached
***************
Log started at: Mon Nov 03 16:55:47 2014
Version 20091118
Using labview_dll.ini
***************
open_driver called
No USB driver found
detached
***************
Log started at: Mon Nov 03 16:59:17 2014
Version 20091118
Using labview_dll.ini
***************
open_driver called
No USB driver found
detached
***************
Log started at: Mon Nov 03 17:00:51 2014
Version 20091118
Using labview_dll.ini
***************
open_driver called
No USB driver found
detached
***************
Log started at: Mon Nov 03 17:03:52 2014
Version 20091118
Using labview_dll.ini
***************
open_driver called
No USB driver found
detached
***************
Log started at: Mon Nov 03 17:05:15 2014
Version 20091118
Using labview_dll.ini
***************
open_driver called
No USB driver found
detached
***************
Log started at: Mon Nov 03 17:06:31 2014
Version 20091118
Using labview_dll.ini
***************
open_driver called
No USB driver found
detached
***************
Log started at: Mon Nov 03 17:10:02 2014
Version 20091118
Using labview_dll.ini
***************
open_driver called
No USB driver found
detached
***************
Log started at: Mon Nov 03 17:10:29 2014
Version 20091118
Using labview_dll.ini
***************
open_driver called
No USB driver found
detached
***************
Log started at: Mon Nov 03 17:10:56 2014
Version 20091118
Using labview_dll.ini
***************
open_driver called
No USB driver found
detached
***************
Log started at: Mon Nov 03 17:13:40 2014
Version 20091118
Using labview_dll.ini
***************
open_driver called
No USB driver found
detached
***************
Log started at: Mon Nov 03 17:15:25 2014
Version 20091118
Using labview_dll.ini
***************
open_driver called
No USB driver found
detached
***************
Log started at: Mon Nov 03 17:16:11 2014
Version 20091118
Using labview_dll.ini
***************
open_driver called
No USB driver found
detached
***************
Log started at: Mon Nov 03 17:17:38 2014
Version 20091118
Using labview_dll.ini
***************
open_driver called
No USB driver found
detached
***************
Log started at: Mon Nov 03 17:20:56 2014
Version 20091118
Using labview_dll.ini
***************
open_driver called
No USB driver found
detached
***************
Log started at: Mon Nov 03 17:22:46 2014
Version 20091118
Using labview_dll.ini
***************
open_driver called
No USB driver found
detached
***************
Log started at: Mon Nov 03 17:23:49 2014
Version 20091118
Using labview_dll.ini
***************
open_driver called
No USB driver found
detached
***************
Log started at: Mon Nov 03 17:24:17 2014
Version 20091118
Using labview_dll.ini
***************
open_driver called
No USB driver found
detached
***************
Log started at: Mon Nov 03 17:26:40 2014
Version 20091118
Using labview_dll.ini
***************
open_driver called
No USB driver found
detached
***************
Log started at: Mon Nov 03 17:29:09 2014
Version 20091118
Using labview_dll.ini
***************
open_driver called
No USB driver found
detached
***************
Log started at: Mon Nov 03 17:29:30 2014
Version 20091118
Using labview_dll.ini
***************
open_driver called
No USB driver found
detached
***************
Log started at: Mon Nov 03 17:29:35 2014
Version 20091118
Using labview_dll.ini
***************
open_driver called
No USB driver found
detached
***************
Log started at: Mon Nov 03 17:31:32 2014
Version 20091118
Using labview_dll.ini
***************
open_driver called
No USB driver found
detached
***************
Log started at: Mon Nov 03 17:32:03 2014
Version 20091118
Using labview_dll.ini
***************
open_driver called
No USB driver found
detached
***************
Log started at: Mon Nov 03 17:33:21 2014
Version 20091118
Using labview_dll.ini
***************
open_driver called
No USB driver found
detached
***************
Log started at: Mon Nov 03 17:33:53 2014
Version 20091118
Using labview_dll.ini
***************
open_driver called
No USB driver found
detached
***************
Log started at: Mon Nov 03 17:40:57 2014
Version 20091118
Using labview_dll.ini
***************
open_driver called
No USB driver found
detached
***************
Log started at: Mon Nov 03 17:46:32 2014
Version 20091118
Using labview_dll.ini
***************
open_driver called
No USB driver found
detached
